  [1m[35m (4.6ms)[0m  [1m[35mCREATE TABLE "schema_migrations" ("version" varchar NOT NULL PRIMARY KEY)[0m
  [1m[35m (2.8ms)[0m  [1m[35mCREATE TABLE "ar_internal_metadata" ("key" varchar NOT NULL PRIMARY KEY, "value" varchar, "created_at" datetime(6) NOT NULL, "updated_at" datetime(6) NOT NULL)[0m
  [1m[36mActiveRecord::SchemaMigration Pluck (0.2ms)[0m  [1m[34mSELECT "schema_migrations"."version" FROM "schema_migrations" ORDER BY "schema_migrations"."version" ASC[0m
Migrating to CreatePizzas (20221125192018)
  [1m[36mTRANSACTION (0.1ms)[0m  [1m[36mbegin transaction[0m
  [1m[35m (0.4ms)[0m  [1m[35mCREATE TABLE "pizzas" ("id" integer PRIMARY KEY AUTOINCREMENT NOT NULL, "name" varchar, "ingredients" varchar, "created_at" datetime(6) NOT NULL, "updated_at" datetime(6) NOT NULL)[0m
  [1m[36mActiveRecord::SchemaMigration Create (0.3ms)[0m  [1m[32mINSERT INTO "schema_migrations" ("version") VALUES (?)[0m  [["version", "20221125192018"]]
  [1m[36mTRANSACTION (2.8ms)[0m  [1m[36mcommit transaction[0m
Migrating to CreateRestaurants (20221125192226)
  [1m[36mTRANSACTION (0.1ms)[0m  [1m[36mbegin transaction[0m
  [1m[35m (0.4ms)[0m  [1m[35mCREATE TABLE "restaurants" ("id" integer PRIMARY KEY AUTOINCREMENT NOT NULL, "name" varchar, "address" varchar, "pizzas" varchar, "created_at" datetime(6) NOT NULL, "updated_at" datetime(6) NOT NULL)[0m
  [1m[36mActiveRecord::SchemaMigration Create (0.2ms)[0m  [1m[32mINSERT INTO "schema_migrations" ("version") VALUES (?)[0m  [["version", "20221125192226"]]
  [1m[36mTRANSACTION (2.8ms)[0m  [1m[36mcommit transaction[0m
Migrating to CreateRestaurantPizzas (20221125192527)
  [1m[36mTRANSACTION (0.1ms)[0m  [1m[36mbegin transaction[0m
  [1m[35m (0.3ms)[0m  [1m[35mCREATE TABLE "restaurant_pizzas" ("id" integer PRIMARY KEY AUTOINCREMENT NOT NULL, "price" integer, "pizza_id" varchar, "restaurant_id" varchar, "created_at" datetime(6) NOT NULL, "updated_at" datetime(6) NOT NULL)[0m
  [1m[36mActiveRecord::SchemaMigration Create (0.2ms)[0m  [1m[32mINSERT INTO "schema_migrations" ("version") VALUES (?)[0m  [["version", "20221125192527"]]
  [1m[36mTRANSACTION (3.4ms)[0m  [1m[36mcommit transaction[0m
  [1m[36mActiveRecord::InternalMetadata Load (0.6ms)[0m  [1m[34mSELECT "ar_internal_metadata".* FROM "ar_internal_metadata" WHERE "ar_internal_metadata"."key" = ? LIMIT ?[0m  [["key", "environment"], ["LIMIT", 1]]
  [1m[36mTRANSACTION (0.1ms)[0m  [1m[36mbegin transaction[0m
  [1m[36mActiveRecord::InternalMetadata Create (0.3ms)[0m  [1m[32mINSERT INTO "ar_internal_metadata" ("key", "value", "created_at", "updated_at") VALUES (?, ?, ?, ?)[0m  [["key", "environment"], ["value", "development"], ["created_at", "2022-11-25 19:31:26.953108"], ["updated_at", "2022-11-25 19:31:26.953108"]]
  [1m[36mTRANSACTION (2.6ms)[0m  [1m[36mcommit transaction[0m
  [1m[36mActiveRecord::SchemaMigration Pluck (0.2ms)[0m  [1m[34mSELECT "schema_migrations"."version" FROM "schema_migrations" ORDER BY "schema_migrations"."version" ASC[0m
Started GET "/" for ::1 at 2022-11-25 23:11:01 +0300
  [1m[36mActiveRecord::SchemaMigration Pluck (0.6ms)[0m  [1m[34mSELECT "schema_migrations"."version" FROM "schema_migrations" ORDER BY "schema_migrations"."version" ASC[0m
Processing by Rails::WelcomeController#index as HTML
  Rendering /var/lib/gems/3.0.0/gems/railties-7.0.4/lib/rails/templates/rails/welcome/index.html.erb
  Rendered /var/lib/gems/3.0.0/gems/railties-7.0.4/lib/rails/templates/rails/welcome/index.html.erb (Duration: 5.4ms | Allocations: 831)
Completed 200 OK in 58ms (Views: 19.0ms | ActiveRecord: 0.0ms | Allocations: 7629)


Started GET "/pizzas" for ::1 at 2022-11-25 23:11:12 +0300
  
ActionController::RoutingError (No route matches [GET] "/pizzas"):
  
Started GET "/restaurants" for ::1 at 2022-11-25 23:12:03 +0300
  
NameError (undefined local variable or method `pizza' for #<ActionDispatch::Routing::Mapper:0x00007f79c8073f70 @set=#<ActionDispatch::Routing::RouteSet:0x00005575446dad08>, @draw_paths=[#<Pathname:/home/stephen/Pizzas-Restaurant/pizzas/config/routes>], @scope=#<ActionDispatch::Routing::Mapper::Scope:0x00007f79c8073f20 @hash={:path_names=>{:new=>"new", :edit=>"edit"}}, @parent=#<ActionDispatch::Routing::Mapper::Scope:0x00005575447dc8f0 @hash=nil, @parent=nil, @scope_level=nil>, @scope_level=nil>, @concerns={}>):
  
config/routes.rb:15:in `block in <main>'
config/routes.rb:1:in `<main>'
Started GET "/restaurants" for ::1 at 2022-11-25 23:15:17 +0300
  
ArgumentError ('Pizzas' is not a supported controller name. This can lead to potential routing problems. See https://guides.rubyonrails.org/routing.html#specifying-a-controller-to-use):
  
config/routes.rb:15:in `block in <main>'
config/routes.rb:1:in `<main>'
Started GET "/restaurants" for ::1 at 2022-11-25 23:15:38 +0300
Processing by RestaurantsController#index as HTML
  [1m[36mRestaurant Load (1.0ms)[0m  [1m[34mSELECT "restaurants".* FROM "restaurants"[0m
  ↳ app/controllers/restaurants_controller.rb:4:in `index'
Completed 200 OK in 25ms (Views: 14.9ms | ActiveRecord: 7.6ms | Allocations: 1956)


Started GET "/pizzas" for ::1 at 2022-11-25 23:15:52 +0300
Processing by PizzasController#index as HTML
  [1m[36mPizza Load (1.0ms)[0m  [1m[34mSELECT "pizzas".* FROM "pizzas"[0m
  ↳ app/controllers/pizzas_controller.rb:4:in `index'
Completed 200 OK in 16ms (Views: 7.2ms | ActiveRecord: 1.0ms | Allocations: 1383)


Started GET "/pizzas" for ::1 at 2022-11-25 23:17:07 +0300
Processing by PizzasController#index as */*
  Parameters: {"pizza"=>{}}
  [1m[36mPizza Load (0.2ms)[0m  [1m[34mSELECT "pizzas".* FROM "pizzas"[0m
  ↳ app/controllers/pizzas_controller.rb:4:in `index'
Completed 200 OK in 4ms (Views: 3.2ms | ActiveRecord: 1.4ms | Allocations: 628)


Started POST "/restaurant_pizzas" for ::1 at 2022-11-25 23:17:36 +0300
  
SyntaxError (/home/stephen/Pizzas-Restaurant/pizzas/app/controllers/restaurant_pizzas_controller.rb:19: syntax error, unexpected ':'
        render json: { error: : "validation errors"}, status...
                              ^
/home/stephen/Pizzas-Restaurant/pizzas/app/controllers/restaurant_pizzas_controller.rb:19: syntax error, unexpected '}', expecting `end'
...{ error: : "validation errors"}, status: :not_found
...                              ^
):
  
app/controllers/restaurant_pizzas_controller.rb:19: syntax error, unexpected ':'
app/controllers/restaurant_pizzas_controller.rb:19: syntax error, unexpected '}', expecting `end'
app/controllers/restaurant_pizzas_controller.rb:19: syntax error, unexpected ':'
app/controllers/restaurant_pizzas_controller.rb:19: syntax error, unexpected '}', expecting `end'
Started POST "/restaurant_pizzas" for ::1 at 2022-11-25 23:18:34 +0300
  
SyntaxError (/home/stephen/Pizzas-Restaurant/pizzas/app/controllers/restaurant_pizzas_controller.rb:19: syntax error, unexpected ':'
        render json: { error: : "validation errors"}, status...
                              ^
/home/stephen/Pizzas-Restaurant/pizzas/app/controllers/restaurant_pizzas_controller.rb:19: syntax error, unexpected '}', expecting `end'
...{ error: : "validation errors"}, status: :not_found
...                              ^
):
  
app/controllers/restaurant_pizzas_controller.rb:19: syntax error, unexpected ':'
app/controllers/restaurant_pizzas_controller.rb:19: syntax error, unexpected '}', expecting `end'
app/controllers/restaurant_pizzas_controller.rb:19: syntax error, unexpected ':'
app/controllers/restaurant_pizzas_controller.rb:19: syntax error, unexpected '}', expecting `end'
Started POST "/restaurant_pizzas" for ::1 at 2022-11-25 23:19:58 +0300
  
SyntaxError (/home/stephen/Pizzas-Restaurant/pizzas/app/controllers/restaurant_pizzas_controller.rb:19: syntax error, unexpected ':'
        render json: { error: : "validation errors"}, status...
                              ^
/home/stephen/Pizzas-Restaurant/pizzas/app/controllers/restaurant_pizzas_controller.rb:19: syntax error, unexpected '}', expecting `end'
...{ error: : "validation errors"}, status: :not_found
...                              ^
):
  
app/controllers/restaurant_pizzas_controller.rb:19: syntax error, unexpected ':'
app/controllers/restaurant_pizzas_controller.rb:19: syntax error, unexpected '}', expecting `end'
app/controllers/restaurant_pizzas_controller.rb:19: syntax error, unexpected ':'
app/controllers/restaurant_pizzas_controller.rb:19: syntax error, unexpected '}', expecting `end'
Started POST "/restaurant_pizzas" for ::1 at 2022-11-25 23:21:15 +0300
Processing by RestaurantPizzasController#create as */*
  Parameters: {"price"=>5, "pizza_id"=>1, "restaurant_id"=>3, "restaurant_pizza"=>{"price"=>5, "pizza_id"=>1, "restaurant_id"=>3}}
[31mUnpermitted parameter: :restaurant_pizza. Context: { controller: RestaurantPizzasController, action: create, request: #<ActionDispatch::Request:0x00007f79c80808d8>, params: {"price"=>5, "pizza_id"=>1, "restaurant_id"=>3, "controller"=>"restaurant_pizzas", "action"=>"create", "restaurant_pizza"=>{"price"=>5, "pizza_id"=>1, "restaurant_id"=>3}} }[0m
  [1m[36mTRANSACTION (0.2ms)[0m  [1m[36mbegin transaction[0m
  ↳ app/controllers/restaurant_pizzas_controller.rb:8:in `create'
  [1m[36mRestaurantPizza Create (1.1ms)[0m  [1m[32mINSERT INTO "restaurant_pizzas" ("price", "pizza_id", "restaurant_id", "created_at", "updated_at") VALUES (?, ?, ?, ?, ?)[0m  [["price", 5], ["pizza_id", "1"], ["restaurant_id", "3"], ["created_at", "2022-11-25 20:21:15.674660"], ["updated_at", "2022-11-25 20:21:15.674660"]]
  ↳ app/controllers/restaurant_pizzas_controller.rb:8:in `create'
  [1m[36mTRANSACTION (3.5ms)[0m  [1m[36mcommit transaction[0m
  ↳ app/controllers/restaurant_pizzas_controller.rb:8:in `create'
Completed 201 Created in 63ms (Views: 1.5ms | ActiveRecord: 7.9ms | Allocations: 18121)


Started GET "/pizzas" for ::1 at 2022-11-27 13:47:23 +0300
  [1m[36mActiveRecord::SchemaMigration Pluck (0.5ms)[0m  [1m[34mSELECT "schema_migrations"."version" FROM "schema_migrations" ORDER BY "schema_migrations"."version" ASC[0m
Processing by PizzasController#index as HTML
  [1m[36mPizza Load (0.4ms)[0m  [1m[34mSELECT "pizzas".* FROM "pizzas"[0m
  ↳ app/controllers/pizzas_controller.rb:4:in `index'
Completed 200 OK in 291ms (Views: 4.4ms | ActiveRecord: 0.4ms | Allocations: 16876)


Started GET "/favicon.ico" for ::1 at 2022-11-27 13:47:25 +0300
  
ActionController::RoutingError (No route matches [GET] "/favicon.ico"):
  
  [1m[36mActiveRecord::SchemaMigration Pluck (0.6ms)[0m  [1m[34mSELECT "schema_migrations"."version" FROM "schema_migrations" ORDER BY "schema_migrations"."version" ASC[0m
  [1m[36mTRANSACTION (0.2ms)[0m  [1m[36mbegin transaction[0m
  [1m[36mPizza Create (1.2ms)[0m  [1m[32mINSERT INTO "pizzas" ("name", "ingredients", "created_at", "updated_at") VALUES (?, ?, ?, ?)[0m  [["name", "pineapple flavour"], ["ingredients", "pineapple "], ["created_at", "2022-11-27 10:57:07.998045"], ["updated_at", "2022-11-27 10:57:07.998045"]]
  [1m[36mTRANSACTION (3.8ms)[0m  [1m[36mcommit transaction[0m
  [1m[36mTRANSACTION (0.1ms)[0m  [1m[36mbegin transaction[0m
  [1m[36mPizza Create (0.8ms)[0m  [1m[32mINSERT INTO "pizzas" ("name", "ingredients", "created_at", "updated_at") VALUES (?, ?, ?, ?)[0m  [["name", "mango"], ["ingredients", "mango"], ["created_at", "2022-11-27 10:57:08.015056"], ["updated_at", "2022-11-27 10:57:08.015056"]]
  [1m[36mTRANSACTION (3.4ms)[0m  [1m[36mcommit transaction[0m
  [1m[36mActiveRecord::SchemaMigration Pluck (0.5ms)[0m  [1m[34mSELECT "schema_migrations"."version" FROM "schema_migrations" ORDER BY "schema_migrations"."version" ASC[0m
  [1m[36mTRANSACTION (0.2ms)[0m  [1m[36mbegin transaction[0m
  [1m[36mPizza Create (1.0ms)[0m  [1m[32mINSERT INTO "pizzas" ("name", "ingredients", "created_at", "updated_at") VALUES (?, ?, ?, ?)[0m  [["name", "pineapple flavour"], ["ingredients", "pineapple "], ["created_at", "2022-11-27 10:58:20.536508"], ["updated_at", "2022-11-27 10:58:20.536508"]]
  [1m[36mTRANSACTION (3.5ms)[0m  [1m[36mcommit transaction[0m
  [1m[36mTRANSACTION (0.1ms)[0m  [1m[36mbegin transaction[0m
  [1m[36mPizza Create (0.7ms)[0m  [1m[32mINSERT INTO "pizzas" ("name", "ingredients", "created_at", "updated_at") VALUES (?, ?, ?, ?)[0m  [["name", "mango"], ["ingredients", "mango"], ["created_at", "2022-11-27 10:58:20.552351"], ["updated_at", "2022-11-27 10:58:20.552351"]]
  [1m[36mTRANSACTION (3.3ms)[0m  [1m[36mcommit transaction[0m
  [1m[36mTRANSACTION (0.2ms)[0m  [1m[36mbegin transaction[0m
  [1m[36mRestaurant Create (0.8ms)[0m  [1m[32mINSERT INTO "restaurants" ("name", "address", "pizzas", "created_at", "updated_at") VALUES (?, ?, ?, ?, ?)[0m  [["name", "sarova"], ["address", "nairobi"], ["pizzas", nil], ["created_at", "2022-11-27 10:58:20.606008"], ["updated_at", "2022-11-27 10:58:20.606008"]]
  [1m[36mTRANSACTION (3.8ms)[0m  [1m[36mcommit transaction[0m
  [1m[36mTRANSACTION (0.1ms)[0m  [1m[36mbegin transaction[0m
  [1m[36mRestaurant Create (0.8ms)[0m  [1m[32mINSERT INTO "restaurants" ("name", "address", "pizzas", "created_at", "updated_at") VALUES (?, ?, ?, ?, ?)[0m  [["name", "mr piggy"], ["address", "rongai"], ["pizzas", nil], ["created_at", "2022-11-27 10:58:20.620435"], ["updated_at", "2022-11-27 10:58:20.620435"]]
  [1m[36mTRANSACTION (4.0ms)[0m  [1m[36mcommit transaction[0m
Started GET "/restaurants" for ::1 at 2022-11-27 14:02:30 +0300
Processing by RestaurantsController#index as */*
  Parameters: {"price"=>5, "pizza_id"=>1, "restaurant_id"=>3, "restaurant"=>{}}
  [1m[36mRestaurant Load (0.7ms)[0m  [1m[34mSELECT "restaurants".* FROM "restaurants"[0m
  ↳ app/controllers/restaurants_controller.rb:4:in `index'
Completed 500 Internal Server Error in 66ms (ActiveRecord: 5.8ms | Allocations: 19809)


  
ActiveRecord::HasManyThroughAssociationNotFoundError (Could not find the association :restaurant_pizza in model Restaurant):
  
app/controllers/restaurants_controller.rb:4:in `index'
Started GET "/restaurants" for ::1 at 2022-11-27 14:03:54 +0300
Processing by RestaurantsController#index as */*
  Parameters: {"price"=>5, "pizza_id"=>1, "restaurant_id"=>3, "restaurant"=>{}}
  [1m[36mRestaurant Load (0.4ms)[0m  [1m[34mSELECT "restaurants".* FROM "restaurants"[0m
  ↳ app/controllers/restaurants_controller.rb:4:in `index'
Completed 500 Internal Server Error in 17ms (ActiveRecord: 3.8ms | Allocations: 2549)


  
ActiveRecord::HasManyThroughAssociationNotFoundError (Could not find the association :RestaurantPizza in model Restaurant):
  
app/controllers/restaurants_controller.rb:4:in `index'
Started GET "/restaurants" for ::1 at 2022-11-27 14:05:22 +0300
Processing by RestaurantsController#index as */*
  Parameters: {"price"=>5, "pizza_id"=>1, "restaurant_id"=>3, "restaurant"=>{}}
  [1m[36mRestaurant Load (0.5ms)[0m  [1m[34mSELECT "restaurants".* FROM "restaurants"[0m
  ↳ app/controllers/restaurants_controller.rb:4:in `index'
Completed 500 Internal Server Error in 19ms (ActiveRecord: 3.5ms | Allocations: 2546)


  
ActiveRecord::HasManyThroughAssociationNotFoundError (Could not find the association :restaurant_pizza in model Restaurant):
  
app/controllers/restaurants_controller.rb:4:in `index'
Started GET "/pizzas" for ::1 at 2022-11-27 14:05:37 +0300
Processing by PizzasController#index as */*
  Parameters: {"price"=>5, "pizza_id"=>1, "restaurant_id"=>3, "pizza"=>{}}
  [1m[36mPizza Load (0.6ms)[0m  [1m[34mSELECT "pizzas".* FROM "pizzas"[0m
  ↳ app/controllers/pizzas_controller.rb:4:in `index'
Completed 200 OK in 109ms (Views: 56.2ms | ActiveRecord: 4.5ms | Allocations: 14499)


  [1m[36mActiveRecord::SchemaMigration Pluck (0.5ms)[0m  [1m[34mSELECT "schema_migrations"."version" FROM "schema_migrations" ORDER BY "schema_migrations"."version" ASC[0m
  [1m[36mTRANSACTION (0.2ms)[0m  [1m[36mbegin transaction[0m
  [1m[36mPizza Create (1.3ms)[0m  [1m[32mINSERT INTO "pizzas" ("name", "ingredients", "created_at", "updated_at") VALUES (?, ?, ?, ?)[0m  [["name", "pineapple flavour"], ["ingredients", "pineapple "], ["created_at", "2022-11-27 11:08:37.691391"], ["updated_at", "2022-11-27 11:08:37.691391"]]
  [1m[36mTRANSACTION (5.0ms)[0m  [1m[36mcommit transaction[0m
  [1m[36mTRANSACTION (0.2ms)[0m  [1m[36mbegin transaction[0m
  [1m[36mPizza Create (1.3ms)[0m  [1m[32mINSERT INTO "pizzas" ("name", "ingredients", "created_at", "updated_at") VALUES (?, ?, ?, ?)[0m  [["name", "mango"], ["ingredients", "mango"], ["created_at", "2022-11-27 11:08:37.711409"], ["updated_at", "2022-11-27 11:08:37.711409"]]
  [1m[36mTRANSACTION (3.9ms)[0m  [1m[36mcommit transaction[0m
  [1m[36mTRANSACTION (0.3ms)[0m  [1m[36mbegin transaction[0m
  [1m[36mRestaurant Create (1.1ms)[0m  [1m[32mINSERT INTO "restaurants" ("name", "address", "pizzas", "created_at", "updated_at") VALUES (?, ?, ?, ?, ?)[0m  [["name", "sarova"], ["address", "nairobi"], ["pizzas", nil], ["created_at", "2022-11-27 11:08:37.806972"], ["updated_at", "2022-11-27 11:08:37.806972"]]
  [1m[36mTRANSACTION (3.9ms)[0m  [1m[36mcommit transaction[0m
  [1m[36mTRANSACTION (0.3ms)[0m  [1m[36mbegin transaction[0m
  [1m[36mRestaurant Create (1.3ms)[0m  [1m[32mINSERT INTO "restaurants" ("name", "address", "pizzas", "created_at", "updated_at") VALUES (?, ?, ?, ?, ?)[0m  [["name", "mr piggy"], ["address", "rongai"], ["pizzas", nil], ["created_at", "2022-11-27 11:08:37.830362"], ["updated_at", "2022-11-27 11:08:37.830362"]]
  [1m[36mTRANSACTION (4.9ms)[0m  [1m[36mcommit transaction[0m
Started GET "/rstaurants" for ::1 at 2022-11-27 14:08:52 +0300
  
ActionController::RoutingError (No route matches [GET] "/rstaurants"):
  
Started GET "/restaurants" for ::1 at 2022-11-27 14:09:06 +0300
Processing by RestaurantsController#index as */*
  Parameters: {"price"=>5, "pizza_id"=>1, "restaurant_id"=>3, "restaurant"=>{}}
  [1m[36mRestaurant Load (0.5ms)[0m  [1m[34mSELECT "restaurants".* FROM "restaurants"[0m
  ↳ app/controllers/restaurants_controller.rb:4:in `index'
Completed 500 Internal Server Error in 19ms (ActiveRecord: 3.7ms | Allocations: 2569)


  
ActiveRecord::HasManyThroughAssociationNotFoundError (Could not find the association :restaurant_pizza in model Restaurant):
  
app/controllers/restaurants_controller.rb:4:in `index'
Started GET "/restaurants" for ::1 at 2022-11-27 14:16:36 +0300
Processing by RestaurantsController#index as */*
  Parameters: {"price"=>5, "pizza_id"=>1, "restaurant_id"=>3, "restaurant"=>{}}
  [1m[36mRestaurant Load (0.6ms)[0m  [1m[34mSELECT "restaurants".* FROM "restaurants"[0m
  ↳ app/controllers/restaurants_controller.rb:4:in `index'
  [1m[36mPizza Load (0.7ms)[0m  [1m[34mSELECT "pizzas".* FROM "pizzas" INNER JOIN "restaurant_pizzas" ON "pizzas"."id" = "restaurant_pizzas"."pizza_id" WHERE "restaurant_pizzas"."restaurant_id" = ?[0m  [["restaurant_id", "1"]]
  ↳ app/controllers/restaurants_controller.rb:4:in `index'
  [1m[36mPizza Load (0.4ms)[0m  [1m[34mSELECT "pizzas".* FROM "pizzas" INNER JOIN "restaurant_pizzas" ON "pizzas"."id" = "restaurant_pizzas"."pizza_id" WHERE "restaurant_pizzas"."restaurant_id" = ?[0m  [["restaurant_id", "2"]]
  ↳ app/controllers/restaurants_controller.rb:4:in `index'
  [1m[36mPizza Load (0.5ms)[0m  [1m[34mSELECT "pizzas".* FROM "pizzas" INNER JOIN "restaurant_pizzas" ON "pizzas"."id" = "restaurant_pizzas"."pizza_id" WHERE "restaurant_pizzas"."restaurant_id" = ?[0m  [["restaurant_id", "3"]]
  ↳ app/controllers/restaurants_controller.rb:4:in `index'
  [1m[36mPizza Load (0.3ms)[0m  [1m[34mSELECT "pizzas".* FROM "pizzas" INNER JOIN "restaurant_pizzas" ON "pizzas"."id" = "restaurant_pizzas"."pizza_id" WHERE "restaurant_pizzas"."restaurant_id" = ?[0m  [["restaurant_id", "4"]]
  ↳ app/controllers/restaurants_controller.rb:4:in `index'
Completed 200 OK in 139ms (Views: 131.1ms | ActiveRecord: 7.6ms | Allocations: 18650)


Started GET "/restaurants/1" for ::1 at 2022-11-27 14:18:22 +0300
Processing by RestaurantsController#show as */*
  Parameters: {"price"=>5, "pizza_id"=>1, "restaurant_id"=>3, "id"=>"1", "restaurant"=>{}}
  [1m[36mRestaurant Load (0.7ms)[0m  [1m[34mSELECT "restaurants".* FROM "restaurants" WHERE "restaurants"."id" = ? LIMIT ?[0m  [["id", 1], ["LIMIT", 1]]
  ↳ app/controllers/restaurants_controller.rb:8:in `show'
  [1m[36mPizza Load (0.5ms)[0m  [1m[34mSELECT "pizzas".* FROM "pizzas" INNER JOIN "restaurant_pizzas" ON "pizzas"."id" = "restaurant_pizzas"."pizza_id" WHERE "restaurant_pizzas"."restaurant_id" = ?[0m  [["restaurant_id", "1"]]
  ↳ app/controllers/restaurants_controller.rb:10:in `show'
Completed 200 OK in 87ms (Views: 53.9ms | ActiveRecord: 9.9ms | Allocations: 9699)


Started GET "/pizzas" for ::1 at 2022-11-27 14:19:17 +0300
Processing by PizzasController#index as */*
  Parameters: {"price"=>5, "pizza_id"=>1, "restaurant_id"=>3, "pizza"=>{}}
  [1m[36mPizza Load (0.5ms)[0m  [1m[34mSELECT "pizzas".* FROM "pizzas"[0m
  ↳ app/controllers/pizzas_controller.rb:4:in `index'
Completed 200 OK in 17ms (Views: 15.1ms | ActiveRecord: 0.5ms | Allocations: 2709)


Started POST "/restaurant_pizzas" for ::1 at 2022-11-27 14:19:57 +0300
Processing by RestaurantPizzasController#create as */*
  Parameters: {"price"=>5, "pizza_id"=>1, "restaurant_id"=>3, "restaurant_pizza"=>{"price"=>5, "pizza_id"=>1, "restaurant_id"=>3}}
[31mUnpermitted parameter: :restaurant_pizza. Context: { controller: RestaurantPizzasController, action: create, request: #<ActionDispatch::Request:0x00007fd2d0cddb38>, params: {"price"=>5, "pizza_id"=>1, "restaurant_id"=>3, "controller"=>"restaurant_pizzas", "action"=>"create", "restaurant_pizza"=>{"price"=>5, "pizza_id"=>1, "restaurant_id"=>3}} }[0m
  [1m[36mTRANSACTION (0.3ms)[0m  [1m[36mbegin transaction[0m
  ↳ app/controllers/restaurant_pizzas_controller.rb:8:in `create'
  [1m[36mPizza Load (0.7ms)[0m  [1m[34mSELECT "pizzas".* FROM "pizzas" WHERE "pizzas"."id" = ? LIMIT ?[0m  [["id", 1], ["LIMIT", 1]]
  ↳ app/controllers/restaurant_pizzas_controller.rb:8:in `create'
  [1m[36mRestaurant Load (0.3ms)[0m  [1m[34mSELECT "restaurants".* FROM "restaurants" WHERE "restaurants"."id" = ? LIMIT ?[0m  [["id", 3], ["LIMIT", 1]]
  ↳ app/controllers/restaurant_pizzas_controller.rb:8:in `create'
  [1m[36mRestaurantPizza Create (2.3ms)[0m  [1m[32mINSERT INTO "restaurant_pizzas" ("price", "pizza_id", "restaurant_id", "created_at", "updated_at") VALUES (?, ?, ?, ?, ?)[0m  [["price", 5], ["pizza_id", "1"], ["restaurant_id", "3"], ["created_at", "2022-11-27 11:19:58.031416"], ["updated_at", "2022-11-27 11:19:58.031416"]]
  ↳ app/controllers/restaurant_pizzas_controller.rb:8:in `create'
  [1m[36mTRANSACTION (10.4ms)[0m  [1m[36mcommit transaction[0m
  ↳ app/controllers/restaurant_pizzas_controller.rb:8:in `create'
Completed 201 Created in 122ms (Views: 1.3ms | ActiveRecord: 15.5ms | Allocations: 19856)


Started POST "/restaurant_pizzas" for ::1 at 2022-11-27 14:20:57 +0300
  [1m[36mActiveRecord::SchemaMigration Pluck (0.4ms)[0m  [1m[34mSELECT "schema_migrations"."version" FROM "schema_migrations" ORDER BY "schema_migrations"."version" ASC[0m
Processing by RestaurantPizzasController#create as */*
  Parameters: {"price"=>5, "pizza_id"=>1, "restaurant_id"=>3, "restaurant_pizza"=>{"price"=>5, "pizza_id"=>1, "restaurant_id"=>3}}
[31mUnpermitted parameter: :restaurant_pizza. Context: { controller: RestaurantPizzasController, action: create, request: #<ActionDispatch::Request:0x00007fd2d4360638>, params: {"price"=>5, "pizza_id"=>1, "restaurant_id"=>3, "controller"=>"restaurant_pizzas", "action"=>"create", "restaurant_pizza"=>{"price"=>5, "pizza_id"=>1, "restaurant_id"=>3}} }[0m
  [1m[36mTRANSACTION (0.2ms)[0m  [1m[36mbegin transaction[0m
  ↳ app/controllers/restaurant_pizzas_controller.rb:8:in `create'
  [1m[36mPizza Load (0.6ms)[0m  [1m[34mSELECT "pizzas".* FROM "pizzas" WHERE "pizzas"."id" = ? LIMIT ?[0m  [["id", 1], ["LIMIT", 1]]
  ↳ app/controllers/restaurant_pizzas_controller.rb:8:in `create'
  [1m[36mRestaurant Load (0.3ms)[0m  [1m[34mSELECT "restaurants".* FROM "restaurants" WHERE "restaurants"."id" = ? LIMIT ?[0m  [["id", 3], ["LIMIT", 1]]
  ↳ app/controllers/restaurant_pizzas_controller.rb:8:in `create'
  [1m[36mRestaurantPizza Create (0.8ms)[0m  [1m[32mINSERT INTO "restaurant_pizzas" ("price", "pizza_id", "restaurant_id", "created_at", "updated_at") VALUES (?, ?, ?, ?, ?)[0m  [["price", 5], ["pizza_id", "1"], ["restaurant_id", "3"], ["created_at", "2022-11-27 11:20:57.239964"], ["updated_at", "2022-11-27 11:20:57.239964"]]
  ↳ app/controllers/restaurant_pizzas_controller.rb:8:in `create'
  [1m[36mTRANSACTION (4.9ms)[0m  [1m[36mcommit transaction[0m
  ↳ app/controllers/restaurant_pizzas_controller.rb:8:in `create'
Completed 201 Created in 53ms (Views: 0.9ms | ActiveRecord: 6.7ms | Allocations: 3584)


Started POST "/restaurant_pizzas" for ::1 at 2022-11-27 14:21:03 +0300
Processing by RestaurantPizzasController#create as */*
  Parameters: {"price"=>5, "pizza_id"=>1, "restaurant_id"=>3, "restaurant_pizza"=>{"price"=>5, "pizza_id"=>1, "restaurant_id"=>3}}
[31mUnpermitted parameter: :restaurant_pizza. Context: { controller: RestaurantPizzasController, action: create, request: #<ActionDispatch::Request:0x00005627b08b2f08>, params: {"price"=>5, "pizza_id"=>1, "restaurant_id"=>3, "controller"=>"restaurant_pizzas", "action"=>"create", "restaurant_pizza"=>{"price"=>5, "pizza_id"=>1, "restaurant_id"=>3}} }[0m
  [1m[36mTRANSACTION (0.2ms)[0m  [1m[36mbegin transaction[0m
  ↳ app/controllers/restaurant_pizzas_controller.rb:8:in `create'
  [1m[36mPizza Load (0.5ms)[0m  [1m[34mSELECT "pizzas".* FROM "pizzas" WHERE "pizzas"."id" = ? LIMIT ?[0m  [["id", 1], ["LIMIT", 1]]
  ↳ app/controllers/restaurant_pizzas_controller.rb:8:in `create'
  [1m[36mRestaurant Load (0.3ms)[0m  [1m[34mSELECT "restaurants".* FROM "restaurants" WHERE "restaurants"."id" = ? LIMIT ?[0m  [["id", 3], ["LIMIT", 1]]
  ↳ app/controllers/restaurant_pizzas_controller.rb:8:in `create'
  [1m[36mRestaurantPizza Create (0.9ms)[0m  [1m[32mINSERT INTO "restaurant_pizzas" ("price", "pizza_id", "restaurant_id", "created_at", "updated_at") VALUES (?, ?, ?, ?, ?)[0m  [["price", 5], ["pizza_id", "1"], ["restaurant_id", "3"], ["created_at", "2022-11-27 11:21:03.328745"], ["updated_at", "2022-11-27 11:21:03.328745"]]
  ↳ app/controllers/restaurant_pizzas_controller.rb:8:in `create'
  [1m[36mTRANSACTION (3.8ms)[0m  [1m[36mcommit transaction[0m
  ↳ app/controllers/restaurant_pizzas_controller.rb:8:in `create'
Completed 201 Created in 48ms (Views: 1.3ms | ActiveRecord: 5.8ms | Allocations: 3547)


  [1m[36mActiveRecord::SchemaMigration Pluck (0.5ms)[0m  [1m[34mSELECT "schema_migrations"."version" FROM "schema_migrations" ORDER BY "schema_migrations"."version" ASC[0m
  [1m[36mTRANSACTION (0.2ms)[0m  [1m[36mbegin transaction[0m
  [1m[36mPizza Create (1.1ms)[0m  [1m[32mINSERT INTO "pizzas" ("name", "ingredients", "created_at", "updated_at") VALUES (?, ?, ?, ?)[0m  [["name", "pineapple flavour"], ["ingredients", "pineapple "], ["created_at", "2022-11-27 11:23:45.817321"], ["updated_at", "2022-11-27 11:23:45.817321"]]
  [1m[36mTRANSACTION (3.9ms)[0m  [1m[36mcommit transaction[0m
  [1m[36mTRANSACTION (0.1ms)[0m  [1m[36mbegin transaction[0m
  [1m[36mPizza Create (0.7ms)[0m  [1m[32mINSERT INTO "pizzas" ("name", "ingredients", "created_at", "updated_at") VALUES (?, ?, ?, ?)[0m  [["name", "mango"], ["ingredients", "mango"], ["created_at", "2022-11-27 11:23:45.833712"], ["updated_at", "2022-11-27 11:23:45.833712"]]
  [1m[36mTRANSACTION (3.2ms)[0m  [1m[36mcommit transaction[0m
  [1m[36mTRANSACTION (0.2ms)[0m  [1m[36mbegin transaction[0m
  [1m[36mRestaurant Create (0.9ms)[0m  [1m[32mINSERT INTO "restaurants" ("name", "address", "pizzas", "created_at", "updated_at") VALUES (?, ?, ?, ?, ?)[0m  [["name", "sarova"], ["address", "nairobi"], ["pizzas", nil], ["created_at", "2022-11-27 11:23:45.894753"], ["updated_at", "2022-11-27 11:23:45.894753"]]
  [1m[36mTRANSACTION (3.4ms)[0m  [1m[36mcommit transaction[0m
  [1m[36mTRANSACTION (0.2ms)[0m  [1m[36mbegin transaction[0m
  [1m[36mRestaurant Create (0.9ms)[0m  [1m[32mINSERT INTO "restaurants" ("name", "address", "pizzas", "created_at", "updated_at") VALUES (?, ?, ?, ?, ?)[0m  [["name", "mr piggy"], ["address", "rongai"], ["pizzas", nil], ["created_at", "2022-11-27 11:23:45.910622"], ["updated_at", "2022-11-27 11:23:45.910622"]]
  [1m[36mTRANSACTION (3.7ms)[0m  [1m[36mcommit transaction[0m
Started POST "/restaurant_pizzas" for ::1 at 2022-11-27 14:24:20 +0300
Processing by RestaurantPizzasController#create as */*
  Parameters: {"price"=>5, "pizza_id"=>1, "restaurant_id"=>3, "restaurant_pizza"=>{"price"=>5, "pizza_id"=>1, "restaurant_id"=>3}}
[31mUnpermitted parameter: :restaurant_pizza. Context: { controller: RestaurantPizzasController, action: create, request: #<ActionDispatch::Request:0x00007fd2e047aeb8>, params: {"price"=>5, "pizza_id"=>1, "restaurant_id"=>3, "controller"=>"restaurant_pizzas", "action"=>"create", "restaurant_pizza"=>{"price"=>5, "pizza_id"=>1, "restaurant_id"=>3}} }[0m
  [1m[36mTRANSACTION (0.2ms)[0m  [1m[36mbegin transaction[0m
  ↳ app/controllers/restaurant_pizzas_controller.rb:8:in `create'
  [1m[36mPizza Load (0.5ms)[0m  [1m[34mSELECT "pizzas".* FROM "pizzas" WHERE "pizzas"."id" = ? LIMIT ?[0m  [["id", 1], ["LIMIT", 1]]
  ↳ app/controllers/restaurant_pizzas_controller.rb:8:in `create'
  [1m[36mRestaurant Load (0.3ms)[0m  [1m[34mSELECT "restaurants".* FROM "restaurants" WHERE "restaurants"."id" = ? LIMIT ?[0m  [["id", 3], ["LIMIT", 1]]
  ↳ app/controllers/restaurant_pizzas_controller.rb:8:in `create'
  [1m[36mRestaurantPizza Create (1.3ms)[0m  [1m[32mINSERT INTO "restaurant_pizzas" ("price", "pizza_id", "restaurant_id", "created_at", "updated_at") VALUES (?, ?, ?, ?, ?)[0m  [["price", 5], ["pizza_id", "1"], ["restaurant_id", "3"], ["created_at", "2022-11-27 11:24:20.990400"], ["updated_at", "2022-11-27 11:24:20.990400"]]
  ↳ app/controllers/restaurant_pizzas_controller.rb:8:in `create'
  [1m[36mTRANSACTION (5.5ms)[0m  [1m[36mcommit transaction[0m
  ↳ app/controllers/restaurant_pizzas_controller.rb:8:in `create'
Completed 201 Created in 43ms (Views: 1.1ms | ActiveRecord: 7.8ms | Allocations: 3547)


Started GET "/restaurant_pizzas" for ::1 at 2022-11-27 14:24:29 +0300
Processing by RestaurantPizzasController#index as */*
  Parameters: {"price"=>5, "pizza_id"=>1, "restaurant_id"=>3, "restaurant_pizza"=>{"price"=>5, "pizza_id"=>1, "restaurant_id"=>3}}
  [1m[36mRestaurantPizza Load (0.7ms)[0m  [1m[34mSELECT "restaurant_pizzas".* FROM "restaurant_pizzas"[0m
  ↳ app/controllers/restaurant_pizzas_controller.rb:4:in `index'
Completed 200 OK in 9ms (Views: 7.8ms | ActiveRecord: 0.7ms | Allocations: 1296)


Started GET "/restaurants" for ::1 at 2022-11-27 14:24:58 +0300
Processing by RestaurantsController#index as */*
  Parameters: {"price"=>5, "pizza_id"=>1, "restaurant_id"=>3, "restaurant"=>{}}
  [1m[36mRestaurant Load (0.7ms)[0m  [1m[34mSELECT "restaurants".* FROM "restaurants"[0m
  ↳ app/controllers/restaurants_controller.rb:4:in `index'
  [1m[36mPizza Load (0.3ms)[0m  [1m[34mSELECT "pizzas".* FROM "pizzas" INNER JOIN "restaurant_pizzas" ON "pizzas"."id" = "restaurant_pizzas"."pizza_id" WHERE "restaurant_pizzas"."restaurant_id" = ?[0m  [["restaurant_id", "1"]]
  ↳ app/controllers/restaurants_controller.rb:4:in `index'
  [1m[36mPizza Load (0.3ms)[0m  [1m[34mSELECT "pizzas".* FROM "pizzas" INNER JOIN "restaurant_pizzas" ON "pizzas"."id" = "restaurant_pizzas"."pizza_id" WHERE "restaurant_pizzas"."restaurant_id" = ?[0m  [["restaurant_id", "2"]]
  ↳ app/controllers/restaurants_controller.rb:4:in `index'
  [1m[36mPizza Load (0.5ms)[0m  [1m[34mSELECT "pizzas".* FROM "pizzas" INNER JOIN "restaurant_pizzas" ON "pizzas"."id" = "restaurant_pizzas"."pizza_id" WHERE "restaurant_pizzas"."restaurant_id" = ?[0m  [["restaurant_id", "3"]]
  ↳ app/controllers/restaurants_controller.rb:4:in `index'
  [1m[36mPizza Load (0.3ms)[0m  [1m[34mSELECT "pizzas".* FROM "pizzas" INNER JOIN "restaurant_pizzas" ON "pizzas"."id" = "restaurant_pizzas"."pizza_id" WHERE "restaurant_pizzas"."restaurant_id" = ?[0m  [["restaurant_id", "4"]]
  ↳ app/controllers/restaurants_controller.rb:4:in `index'
  [1m[36mPizza Load (0.4ms)[0m  [1m[34mSELECT "pizzas".* FROM "pizzas" INNER JOIN "restaurant_pizzas" ON "pizzas"."id" = "restaurant_pizzas"."pizza_id" WHERE "restaurant_pizzas"."restaurant_id" = ?[0m  [["restaurant_id", "5"]]
  ↳ app/controllers/restaurants_controller.rb:4:in `index'
  [1m[36mPizza Load (0.4ms)[0m  [1m[34mSELECT "pizzas".* FROM "pizzas" INNER JOIN "restaurant_pizzas" ON "pizzas"."id" = "restaurant_pizzas"."pizza_id" WHERE "restaurant_pizzas"."restaurant_id" = ?[0m  [["restaurant_id", "6"]]
  ↳ app/controllers/restaurants_controller.rb:4:in `index'
Completed 200 OK in 54ms (Views: 50.0ms | ActiveRecord: 2.8ms | Allocations: 7187)


Started GET "/restaurant_pizza" for ::1 at 2022-11-27 14:25:18 +0300
  
ActionController::RoutingError (No route matches [GET] "/restaurant_pizza"):
  
Started GET "/restaurant_pizzas" for ::1 at 2022-11-27 14:25:45 +0300
Processing by RestaurantPizzasController#index as */*
  Parameters: {"price"=>5, "pizza_id"=>1, "restaurant_id"=>3, "restaurant_pizza"=>{"price"=>5, "pizza_id"=>1, "restaurant_id"=>3}}
  [1m[36mRestaurantPizza Load (0.5ms)[0m  [1m[34mSELECT "restaurant_pizzas".* FROM "restaurant_pizzas"[0m
  ↳ app/controllers/restaurant_pizzas_controller.rb:4:in `index'
Completed 200 OK in 10ms (Views: 9.1ms | ActiveRecord: 0.5ms | Allocations: 1193)


Started GET "/pizzas" for ::1 at 2022-11-27 14:25:58 +0300
Processing by PizzasController#index as */*
  Parameters: {"price"=>5, "pizza_id"=>1, "restaurant_id"=>3, "pizza"=>{}}
  [1m[36mPizza Load (0.5ms)[0m  [1m[34mSELECT "pizzas".* FROM "pizzas"[0m
  ↳ app/controllers/pizzas_controller.rb:4:in `index'
Completed 200 OK in 9ms (Views: 8.1ms | ActiveRecord: 0.5ms | Allocations: 1503)


Started GET "/restaurants" for ::1 at 2022-11-27 14:26:11 +0300
Processing by RestaurantsController#index as */*
  Parameters: {"price"=>5, "pizza_id"=>1, "restaurant_id"=>3, "restaurant"=>{}}
  [1m[36mRestaurant Load (0.5ms)[0m  [1m[34mSELECT "restaurants".* FROM "restaurants"[0m
  ↳ app/controllers/restaurants_controller.rb:4:in `index'
  [1m[36mPizza Load (0.4ms)[0m  [1m[34mSELECT "pizzas".* FROM "pizzas" INNER JOIN "restaurant_pizzas" ON "pizzas"."id" = "restaurant_pizzas"."pizza_id" WHERE "restaurant_pizzas"."restaurant_id" = ?[0m  [["restaurant_id", "1"]]
  ↳ app/controllers/restaurants_controller.rb:4:in `index'
  [1m[36mPizza Load (0.5ms)[0m  [1m[34mSELECT "pizzas".* FROM "pizzas" INNER JOIN "restaurant_pizzas" ON "pizzas"."id" = "restaurant_pizzas"."pizza_id" WHERE "restaurant_pizzas"."restaurant_id" = ?[0m  [["restaurant_id", "2"]]
  ↳ app/controllers/restaurants_controller.rb:4:in `index'
  [1m[36mPizza Load (0.4ms)[0m  [1m[34mSELECT "pizzas".* FROM "pizzas" INNER JOIN "restaurant_pizzas" ON "pizzas"."id" = "restaurant_pizzas"."pizza_id" WHERE "restaurant_pizzas"."restaurant_id" = ?[0m  [["restaurant_id", "3"]]
  ↳ app/controllers/restaurants_controller.rb:4:in `index'
  [1m[36mPizza Load (0.6ms)[0m  [1m[34mSELECT "pizzas".* FROM "pizzas" INNER JOIN "restaurant_pizzas" ON "pizzas"."id" = "restaurant_pizzas"."pizza_id" WHERE "restaurant_pizzas"."restaurant_id" = ?[0m  [["restaurant_id", "4"]]
  ↳ app/controllers/restaurants_controller.rb:4:in `index'
  [1m[36mPizza Load (0.5ms)[0m  [1m[34mSELECT "pizzas".* FROM "pizzas" INNER JOIN "restaurant_pizzas" ON "pizzas"."id" = "restaurant_pizzas"."pizza_id" WHERE "restaurant_pizzas"."restaurant_id" = ?[0m  [["restaurant_id", "5"]]
  ↳ app/controllers/restaurants_controller.rb:4:in `index'
  [1m[36mPizza Load (0.4ms)[0m  [1m[34mSELECT "pizzas".* FROM "pizzas" INNER JOIN "restaurant_pizzas" ON "pizzas"."id" = "restaurant_pizzas"."pizza_id" WHERE "restaurant_pizzas"."restaurant_id" = ?[0m  [["restaurant_id", "6"]]
  ↳ app/controllers/restaurants_controller.rb:4:in `index'
Completed 200 OK in 65ms (Views: 60.5ms | ActiveRecord: 3.3ms | Allocations: 7122)


  [1m[36mActiveRecord::SchemaMigration Pluck (0.6ms)[0m  [1m[34mSELECT "schema_migrations"."version" FROM "schema_migrations" ORDER BY "schema_migrations"."version" ASC[0m
  [1m[36mActiveRecord::InternalMetadata Load (0.8ms)[0m  [1m[34mSELECT "ar_internal_metadata".* FROM "ar_internal_metadata" WHERE "ar_internal_metadata"."key" = ? LIMIT ?[0m  [["key", "environment"], ["LIMIT", 1]]
  [1m[36mActiveRecord::SchemaMigration Pluck (1.0ms)[0m  [1m[34mSELECT "schema_migrations"."version" FROM "schema_migrations" ORDER BY "schema_migrations"."version" ASC[0m
  [1m[36mActiveRecord::SchemaMigration Pluck (0.3ms)[0m  [1m[34mSELECT "schema_migrations"."version" FROM "schema_migrations" ORDER BY "schema_migrations"."version" ASC[0m
  [1m[36mTRANSACTION (0.3ms)[0m  [1m[36mbegin transaction[0m
  [1m[36mPizza Create (1.4ms)[0m  [1m[32mINSERT INTO "pizzas" ("name", "ingredients", "created_at", "updated_at") VALUES (?, ?, ?, ?)[0m  [["name", "pineapple flavour"], ["ingredients", "pineapple "], ["created_at", "2022-11-28 13:23:22.713742"], ["updated_at", "2022-11-28 13:23:22.713742"]]
  [1m[36mTRANSACTION (6.5ms)[0m  [1m[36mcommit transaction[0m
  [1m[36mTRANSACTION (0.3ms)[0m  [1m[36mbegin transaction[0m
  [1m[36mPizza Create (1.2ms)[0m  [1m[32mINSERT INTO "pizzas" ("name", "ingredients", "created_at", "updated_at") VALUES (?, ?, ?, ?)[0m  [["name", "mango"], ["ingredients", "mango"], ["created_at", "2022-11-28 13:23:22.747837"], ["updated_at", "2022-11-28 13:23:22.747837"]]
  [1m[36mTRANSACTION (3.6ms)[0m  [1m[36mcommit transaction[0m
  [1m[36mTRANSACTION (0.3ms)[0m  [1m[36mbegin transaction[0m
  [1m[36mRestaurant Create (0.8ms)[0m  [1m[32mINSERT INTO "restaurants" ("name", "address", "pizzas", "created_at", "updated_at") VALUES (?, ?, ?, ?, ?)[0m  [["name", "sarova"], ["address", "nairobi"], ["pizzas", nil], ["created_at", "2022-11-28 13:23:22.855957"], ["updated_at", "2022-11-28 13:23:22.855957"]]
  [1m[36mTRANSACTION (4.9ms)[0m  [1m[36mcommit transaction[0m
  [1m[36mTRANSACTION (0.2ms)[0m  [1m[36mbegin transaction[0m
  [1m[36mRestaurant Create (0.8ms)[0m  [1m[32mINSERT INTO "restaurants" ("name", "address", "pizzas", "created_at", "updated_at") VALUES (?, ?, ?, ?, ?)[0m  [["name", "mr piggy"], ["address", "rongai"], ["pizzas", nil], ["created_at", "2022-11-28 13:23:22.877943"], ["updated_at", "2022-11-28 13:23:22.877943"]]
  [1m[36mTRANSACTION (3.4ms)[0m  [1m[36mcommit transaction[0m
Started GET "/restaurants" for ::1 at 2022-11-28 16:24:56 +0300
  [1m[36mActiveRecord::SchemaMigration Pluck (0.6ms)[0m  [1m[34mSELECT "schema_migrations"."version" FROM "schema_migrations" ORDER BY "schema_migrations"."version" ASC[0m
Processing by RestaurantsController#index as */*
  Parameters: {"price"=>5, "pizza_id"=>1, "restaurant_id"=>3, "restaurant"=>{}}
  [1m[36mRestaurant Load (0.7ms)[0m  [1m[34mSELECT "restaurants".* FROM "restaurants"[0m
  ↳ app/controllers/restaurants_controller.rb:4:in `index'
  [1m[36mPizza Load (0.9ms)[0m  [1m[34mSELECT "pizzas".* FROM "pizzas" INNER JOIN "restaurant_pizzas" ON "pizzas"."id" = "restaurant_pizzas"."pizza_id" WHERE "restaurant_pizzas"."restaurant_id" = ?[0m  [["restaurant_id", "1"]]
  ↳ app/controllers/restaurants_controller.rb:4:in `index'
  [1m[36mPizza Load (0.5ms)[0m  [1m[34mSELECT "pizzas".* FROM "pizzas" INNER JOIN "restaurant_pizzas" ON "pizzas"."id" = "restaurant_pizzas"."pizza_id" WHERE "restaurant_pizzas"."restaurant_id" = ?[0m  [["restaurant_id", "2"]]
  ↳ app/controllers/restaurants_controller.rb:4:in `index'
  [1m[36mPizza Load (0.6ms)[0m  [1m[34mSELECT "pizzas".* FROM "pizzas" INNER JOIN "restaurant_pizzas" ON "pizzas"."id" = "restaurant_pizzas"."pizza_id" WHERE "restaurant_pizzas"."restaurant_id" = ?[0m  [["restaurant_id", "3"]]
  ↳ app/controllers/restaurants_controller.rb:4:in `index'
  [1m[36mPizza Load (0.6ms)[0m  [1m[34mSELECT "pizzas".* FROM "pizzas" INNER JOIN "restaurant_pizzas" ON "pizzas"."id" = "restaurant_pizzas"."pizza_id" WHERE "restaurant_pizzas"."restaurant_id" = ?[0m  [["restaurant_id", "4"]]
  ↳ app/controllers/restaurants_controller.rb:4:in `index'
  [1m[36mPizza Load (0.7ms)[0m  [1m[34mSELECT "pizzas".* FROM "pizzas" INNER JOIN "restaurant_pizzas" ON "pizzas"."id" = "restaurant_pizzas"."pizza_id" WHERE "restaurant_pizzas"."restaurant_id" = ?[0m  [["restaurant_id", "5"]]
  ↳ app/controllers/restaurants_controller.rb:4:in `index'
  [1m[36mPizza Load (1.0ms)[0m  [1m[34mSELECT "pizzas".* FROM "pizzas" INNER JOIN "restaurant_pizzas" ON "pizzas"."id" = "restaurant_pizzas"."pizza_id" WHERE "restaurant_pizzas"."restaurant_id" = ?[0m  [["restaurant_id", "6"]]
  ↳ app/controllers/restaurants_controller.rb:4:in `index'
  [1m[36mPizza Load (0.4ms)[0m  [1m[34mSELECT "pizzas".* FROM "pizzas" INNER JOIN "restaurant_pizzas" ON "pizzas"."id" = "restaurant_pizzas"."pizza_id" WHERE "restaurant_pizzas"."restaurant_id" = ?[0m  [["restaurant_id", "7"]]
  ↳ app/controllers/restaurants_controller.rb:4:in `index'
  [1m[36mPizza Load (0.4ms)[0m  [1m[34mSELECT "pizzas".* FROM "pizzas" INNER JOIN "restaurant_pizzas" ON "pizzas"."id" = "restaurant_pizzas"."pizza_id" WHERE "restaurant_pizzas"."restaurant_id" = ?[0m  [["restaurant_id", "8"]]
  ↳ app/controllers/restaurants_controller.rb:4:in `index'
Completed 200 OK in 417ms (Views: 352.0ms | ActiveRecord: 11.6ms | Allocations: 64060)


Started GET "/pizzas" for ::1 at 2022-11-28 16:25:40 +0300
Processing by PizzasController#index as */*
  Parameters: {"price"=>5, "pizza_id"=>1, "restaurant_id"=>3, "pizza"=>{}}
  [1m[36mPizza Load (2.1ms)[0m  [1m[34mSELECT "pizzas".* FROM "pizzas"[0m
  ↳ app/controllers/pizzas_controller.rb:4:in `index'
Completed 200 OK in 22ms (Views: 18.5ms | ActiveRecord: 2.1ms | Allocations: 2043)


